2023-04-05 22:28:53,262 [INFO] Activator:179 - 


2023-04-05 22:28:53,262 [INFO] Activator:180 - !SESSION log4j initialized
2023-04-05 22:29:20,265 [ERROR] LogOutputStream:74 - [STDERR_REDIRECT] SLF4J: Failed to load class "org.slf4j.impl.StaticLoggerBinder".
2023-04-05 22:29:20,272 [ERROR] LogOutputStream:74 - [STDERR_REDIRECT] SLF4J: Defaulting to no-operation (NOP) logger implementation
2023-04-05 22:29:20,273 [ERROR] LogOutputStream:74 - [STDERR_REDIRECT] SLF4J: See http://www.slf4j.org/codes.html#StaticLoggerBinder for further details.
2023-04-05 22:40:26,379 [INFO] Activator:179 - 


2023-04-05 22:40:26,383 [INFO] Activator:180 - !SESSION log4j initialized
2023-04-05 22:40:58,435 [ERROR] LogOutputStream:74 - [STDERR_REDIRECT] SLF4J: Failed to load class "org.slf4j.impl.StaticLoggerBinder".
2023-04-05 22:40:58,439 [ERROR] LogOutputStream:74 - [STDERR_REDIRECT] SLF4J: Defaulting to no-operation (NOP) logger implementation
2023-04-05 22:40:58,439 [ERROR] LogOutputStream:74 - [STDERR_REDIRECT] SLF4J: See http://www.slf4j.org/codes.html#StaticLoggerBinder for further details.
2023-04-06 09:45:05,287 [INFO] Activator:179 - 


2023-04-06 09:45:05,288 [INFO] Activator:180 - !SESSION log4j initialized
2023-04-06 09:45:35,737 [ERROR] LogOutputStream:74 - [STDERR_REDIRECT] SLF4J: Failed to load class "org.slf4j.impl.StaticLoggerBinder".
2023-04-06 09:45:35,739 [ERROR] LogOutputStream:74 - [STDERR_REDIRECT] SLF4J: Defaulting to no-operation (NOP) logger implementation
2023-04-06 09:45:35,741 [ERROR] LogOutputStream:74 - [STDERR_REDIRECT] SLF4J: See http://www.slf4j.org/codes.html#StaticLoggerBinder for further details.
2023-04-06 13:26:25,512 [INFO] Activator:179 - 


2023-04-06 13:26:25,514 [INFO] Activator:180 - !SESSION log4j initialized
2023-04-06 13:26:59,923 [ERROR] LogOutputStream:74 - [STDERR_REDIRECT] SLF4J: Failed to load class "org.slf4j.impl.StaticLoggerBinder".
2023-04-06 13:26:59,926 [ERROR] LogOutputStream:74 - [STDERR_REDIRECT] SLF4J: Defaulting to no-operation (NOP) logger implementation
2023-04-06 13:26:59,929 [ERROR] LogOutputStream:74 - [STDERR_REDIRECT] SLF4J: See http://www.slf4j.org/codes.html#StaticLoggerBinder for further details.
2023-04-08 18:39:20,126 [INFO] Activator:179 - 


2023-04-08 18:39:20,126 [INFO] Activator:180 - !SESSION log4j initialized
2023-04-08 18:39:53,010 [ERROR] LogOutputStream:74 - [STDERR_REDIRECT] SLF4J: Failed to load class "org.slf4j.impl.StaticLoggerBinder".
2023-04-08 18:39:53,012 [ERROR] LogOutputStream:74 - [STDERR_REDIRECT] SLF4J: Defaulting to no-operation (NOP) logger implementation
2023-04-08 18:39:53,012 [ERROR] LogOutputStream:74 - [STDERR_REDIRECT] SLF4J: See http://www.slf4j.org/codes.html#StaticLoggerBinder for further details.
2023-04-09 13:22:56,094 [INFO] Activator:179 - 


2023-04-09 13:22:56,097 [INFO] Activator:180 - !SESSION log4j initialized
2023-04-09 13:23:24,621 [ERROR] LogOutputStream:74 - [STDERR_REDIRECT] SLF4J: Failed to load class "org.slf4j.impl.StaticLoggerBinder".
2023-04-09 13:23:24,622 [ERROR] LogOutputStream:74 - [STDERR_REDIRECT] SLF4J: Defaulting to no-operation (NOP) logger implementation
2023-04-09 13:23:24,624 [ERROR] LogOutputStream:74 - [STDERR_REDIRECT] SLF4J: See http://www.slf4j.org/codes.html#StaticLoggerBinder for further details.
2023-04-11 17:10:55,373 [INFO] Activator:179 - 


2023-04-11 17:10:55,390 [INFO] Activator:180 - !SESSION log4j initialized
2023-04-11 17:11:29,034 [ERROR] LogOutputStream:74 - [STDERR_REDIRECT] SLF4J: Failed to load class "org.slf4j.impl.StaticLoggerBinder".
2023-04-11 17:11:29,034 [ERROR] LogOutputStream:74 - [STDERR_REDIRECT] SLF4J: Defaulting to no-operation (NOP) logger implementation
2023-04-11 17:11:29,043 [ERROR] LogOutputStream:74 - [STDERR_REDIRECT] SLF4J: See http://www.slf4j.org/codes.html#StaticLoggerBinder for further details.
2023-04-16 17:32:05,110 [INFO] Activator:179 - 


2023-04-16 17:32:05,125 [INFO] Activator:180 - !SESSION log4j initialized
2023-04-16 17:32:31,666 [ERROR] LogOutputStream:74 - [STDERR_REDIRECT] SLF4J: Failed to load class "org.slf4j.impl.StaticLoggerBinder".
2023-04-16 17:32:31,666 [ERROR] LogOutputStream:74 - [STDERR_REDIRECT] SLF4J: Defaulting to no-operation (NOP) logger implementation
2023-04-16 17:32:31,672 [ERROR] LogOutputStream:74 - [STDERR_REDIRECT] SLF4J: See http://www.slf4j.org/codes.html#StaticLoggerBinder for further details.
2023-04-17 12:16:20,169 [INFO] Activator:179 - 


2023-04-17 12:16:20,169 [INFO] Activator:180 - !SESSION log4j initialized
2023-04-17 12:16:48,193 [ERROR] LogOutputStream:74 - [STDERR_REDIRECT] SLF4J: Failed to load class "org.slf4j.impl.StaticLoggerBinder".
2023-04-17 12:16:48,193 [ERROR] LogOutputStream:74 - [STDERR_REDIRECT] SLF4J: Defaulting to no-operation (NOP) logger implementation
2023-04-17 12:16:48,201 [ERROR] LogOutputStream:74 - [STDERR_REDIRECT] SLF4J: See http://www.slf4j.org/codes.html#StaticLoggerBinder for further details.
2023-04-17 19:18:44,921 [INFO] Activator:179 - 


2023-04-17 19:18:44,925 [INFO] Activator:180 - !SESSION log4j initialized
2023-04-17 19:19:18,791 [ERROR] LogOutputStream:74 - [STDERR_REDIRECT] SLF4J: Failed to load class "org.slf4j.impl.StaticLoggerBinder".
2023-04-17 19:19:18,796 [ERROR] LogOutputStream:74 - [STDERR_REDIRECT] SLF4J: Defaulting to no-operation (NOP) logger implementation
2023-04-17 19:19:18,802 [ERROR] LogOutputStream:74 - [STDERR_REDIRECT] SLF4J: See http://www.slf4j.org/codes.html#StaticLoggerBinder for further details.
2023-04-22 11:22:29,477 [INFO] Activator:179 - 


2023-04-22 11:22:29,479 [INFO] Activator:180 - !SESSION log4j initialized
2023-04-22 11:23:03,075 [ERROR] LogOutputStream:74 - [STDERR_REDIRECT] SLF4J: Failed to load class "org.slf4j.impl.StaticLoggerBinder".
2023-04-22 11:23:03,078 [ERROR] LogOutputStream:74 - [STDERR_REDIRECT] SLF4J: Defaulting to no-operation (NOP) logger implementation
2023-04-22 11:23:03,082 [ERROR] LogOutputStream:74 - [STDERR_REDIRECT] SLF4J: See http://www.slf4j.org/codes.html#StaticLoggerBinder for further details.
2023-04-22 18:52:20,898 [INFO] Activator:179 - 


2023-04-22 18:52:20,901 [INFO] Activator:180 - !SESSION log4j initialized
2023-04-22 18:52:54,746 [ERROR] LogOutputStream:74 - [STDERR_REDIRECT] SLF4J: Failed to load class "org.slf4j.impl.StaticLoggerBinder".
2023-04-22 18:52:54,749 [ERROR] LogOutputStream:74 - [STDERR_REDIRECT] SLF4J: Defaulting to no-operation (NOP) logger implementation
2023-04-22 18:52:54,755 [ERROR] LogOutputStream:74 - [STDERR_REDIRECT] SLF4J: See http://www.slf4j.org/codes.html#StaticLoggerBinder for further details.
2023-04-27 19:07:11,110 [INFO] Activator:179 - 


2023-04-27 19:07:11,112 [INFO] Activator:180 - !SESSION log4j initialized
2023-04-27 19:07:46,672 [ERROR] LogOutputStream:74 - [STDERR_REDIRECT] SLF4J: Failed to load class "org.slf4j.impl.StaticLoggerBinder".
2023-04-27 19:07:46,674 [ERROR] LogOutputStream:74 - [STDERR_REDIRECT] SLF4J: Defaulting to no-operation (NOP) logger implementation
2023-04-27 19:07:46,677 [ERROR] LogOutputStream:74 - [STDERR_REDIRECT] SLF4J: See http://www.slf4j.org/codes.html#StaticLoggerBinder for further details.
2023-04-28 01:16:38,372 [INFO] Activator:179 - 


2023-04-28 01:16:38,375 [INFO] Activator:180 - !SESSION log4j initialized
2023-04-28 01:17:09,478 [ERROR] LogOutputStream:74 - [STDERR_REDIRECT] SLF4J: Failed to load class "org.slf4j.impl.StaticLoggerBinder".
2023-04-28 01:17:09,479 [ERROR] LogOutputStream:74 - [STDERR_REDIRECT] SLF4J: Defaulting to no-operation (NOP) logger implementation
2023-04-28 01:17:09,484 [ERROR] LogOutputStream:74 - [STDERR_REDIRECT] SLF4J: See http://www.slf4j.org/codes.html#StaticLoggerBinder for further details.
